<?xml version="1.0" encoding="UTF-8"?>
<testng-results ignored="0" total="1" passed="1" failed="0" skipped="0">
  <reporter-output>
  </reporter-output>
  <suite started-at="2022-05-19T10:04:17 GMT-04:00" name="Default suite" finished-at="2022-05-19T10:04:27 GMT-04:00" duration-ms="9754">
    <groups>
    </groups>
    <test started-at="2022-05-19T10:04:17 GMT-04:00" name="Default test" finished-at="2022-05-19T10:04:27 GMT-04:00" duration-ms="9754">
      <class name="Application.HomePage">
        <test-method is-config="true" signature="initialize()[pri:0, instance:Application.HomePage@434a63ab]" started-at="2022-05-19T10:04:17 GMT-04:00" name="initialize" finished-at="2022-05-19T10:04:22 GMT-04:00" duration-ms="4809" status="PASS">
          <reporter-output>
          </reporter-output>
        </test-method> <!-- initialize -->
        <test-method signature="LandingElmts()[pri:0, instance:Application.HomePage@434a63ab]" started-at="2022-05-19T10:04:22 GMT-04:00" name="LandingElmts" finished-at="2022-05-19T10:04:27 GMT-04:00" duration-ms="4899" status="PASS">
          <reporter-output>
          </reporter-output>
        </test-method> <!-- LandingElmts -->
      </class> <!-- Application.HomePage -->
    </test> <!-- Default test -->
  </suite> <!-- Default suite -->
</testng-results>
